{
"contracts/NftMarketPlace.sol":{"l":{"39":0,"40":0,"41":0,"43":0,"51":0,"52":0,"53":0,"54":0,"56":0,"60":0,"61":0,"62":0,"64":0,"83":0,"84":0,"88":0,"89":0,"90":0,"92":0,"93":0,"104":0,"105":0,"106":0,"113":0,"114":0,"115":0,"117":0,"124":0,"125":0,"133":0,"134":0,"138":0,"139":0,"140":0,"141":0,"142":0,"143":0,"154":0,"158":0},"path":"/home/harsh/LearningAgainAHhhhhh/HARDHAT_CONTRACTS/NFT_MARKETPLACE/backend/contracts/NftMarketPlace.sol","s":{"1":0,"2":0,"3":0,"4":0,"5":0,"6":0,"7":0,"8":0,"9":0,"10":0,"11":0,"12":0,"13":0,"14":0,"15":0,"16":0,"17":0,"18":0,"19":0,"20":0,"21":0,"22":0,"23":0},"b":{"1":[0,0],"2":[0,0],"3":[0,0],"4":[0,0],"5":[0,0],"6":[0,0],"7":[0,0],"8":[0,0],"9":[0,0],"10":[0,0],"11":[0,0],"12":[0,0],"13":[0,0],"14":[0,0],"15":[0,0],"16":[0,0]},"f":{"1":0,"2":0,"3":0,"4":0,"5":0,"6":0,"7":0,"8":0,"9":0,"10":0},"fnMap":{"1":{"name":"notListed","line":34,"loc":{"start":{"line":34,"column":4},"end":{"line":44,"column":4}}},"2":{"name":"isOwner","line":46,"loc":{"start":{"line":46,"column":4},"end":{"line":57,"column":4}}},"3":{"name":"isListed","line":59,"loc":{"start":{"line":59,"column":4},"end":{"line":65,"column":4}}},"4":{"name":"listItem","line":82,"loc":{"start":{"line":78,"column":4},"end":{"line":94,"column":4}}},"5":{"name":"buyItem","line":103,"loc":{"start":{"line":99,"column":4},"end":{"line":118,"column":4}}},"6":{"name":"cancleListing","line":123,"loc":{"start":{"line":120,"column":4},"end":{"line":126,"column":4}}},"7":{"name":"updateListing","line":132,"loc":{"start":{"line":128,"column":4},"end":{"line":135,"column":4}}},"8":{"name":"withdrawProceeds","line":137,"loc":{"start":{"line":137,"column":4},"end":{"line":145,"column":4}}},"9":{"name":"getlisting","line":150,"loc":{"start":{"line":150,"column":4},"end":{"line":155,"column":4}}},"10":{"name":"getProceeds","line":157,"loc":{"start":{"line":157,"column":4},"end":{"line":159,"column":4}}}},"statementMap":{"1":{"start":{"line":39,"column":8},"end":{"line":39,"column":64}},"2":{"start":{"line":40,"column":8},"end":{"line":40,"column":1507}},"3":{"start":{"line":51,"column":8},"end":{"line":51,"column":41}},"4":{"start":{"line":52,"column":8},"end":{"line":52,"column":44}},"5":{"start":{"line":53,"column":8},"end":{"line":53,"column":1834}},"6":{"start":{"line":60,"column":8},"end":{"line":60,"column":64}},"7":{"start":{"line":61,"column":8},"end":{"line":61,"column":2067}},"8":{"start":{"line":83,"column":8},"end":{"line":83,"column":2825}},"9":{"start":{"line":88,"column":8},"end":{"line":88,"column":41}},"10":{"start":{"line":89,"column":8},"end":{"line":89,"column":3164}},"11":{"start":{"line":93,"column":8},"end":{"line":93,"column":63}},"12":{"start":{"line":104,"column":8},"end":{"line":104,"column":67}},"13":{"start":{"line":105,"column":8},"end":{"line":105,"column":3794}},"14":{"start":{"line":115,"column":8},"end":{"line":115,"column":83}},"15":{"start":{"line":117,"column":8},"end":{"line":117,"column":74}},"16":{"start":{"line":125,"column":8},"end":{"line":125,"column":58}},"17":{"start":{"line":134,"column":8},"end":{"line":134,"column":66}},"18":{"start":{"line":138,"column":8},"end":{"line":138,"column":49}},"19":{"start":{"line":139,"column":8},"end":{"line":139,"column":61}},"20":{"start":{"line":141,"column":8},"end":{"line":141,"column":72}},"21":{"start":{"line":142,"column":8},"end":{"line":142,"column":5337}},"22":{"start":{"line":154,"column":8},"end":{"line":154,"column":46}},"23":{"start":{"line":158,"column":8},"end":{"line":158,"column":33}}},"branchMap":{"1":{"line":40,"type":"if","locations":[{"start":{"line":40,"column":8},"end":{"line":40,"column":8}},{"start":{"line":40,"column":8},"end":{"line":40,"column":8}}]},"2":{"line":53,"type":"if","locations":[{"start":{"line":53,"column":8},"end":{"line":53,"column":8}},{"start":{"line":53,"column":8},"end":{"line":53,"column":8}}]},"3":{"line":61,"type":"if","locations":[{"start":{"line":61,"column":8},"end":{"line":61,"column":8}},{"start":{"line":61,"column":8},"end":{"line":61,"column":8}}]},"4":{"line":82,"type":"if","locations":[{"start":{"line":82,"column":15},"end":{"line":82,"column":15}},{"start":{"line":82,"column":15},"end":{"line":82,"column":15}}]},"5":{"line":82,"type":"if","locations":[{"start":{"line":82,"column":58},"end":{"line":82,"column":58}},{"start":{"line":82,"column":58},"end":{"line":82,"column":58}}]},"6":{"line":83,"type":"if","locations":[{"start":{"line":83,"column":8},"end":{"line":83,"column":8}},{"start":{"line":83,"column":8},"end":{"line":83,"column":8}}]},"7":{"line":89,"type":"if","locations":[{"start":{"line":89,"column":8},"end":{"line":89,"column":8}},{"start":{"line":89,"column":8},"end":{"line":89,"column":8}}]},"8":{"line":103,"type":"if","locations":[{"start":{"line":103,"column":23},"end":{"line":103,"column":23}},{"start":{"line":103,"column":23},"end":{"line":103,"column":23}}]},"9":{"line":103,"type":"if","locations":[{"start":{"line":103,"column":36},"end":{"line":103,"column":36}},{"start":{"line":103,"column":36},"end":{"line":103,"column":36}}]},"10":{"line":105,"type":"if","locations":[{"start":{"line":105,"column":8},"end":{"line":105,"column":8}},{"start":{"line":105,"column":8},"end":{"line":105,"column":8}}]},"11":{"line":123,"type":"if","locations":[{"start":{"line":123,"column":15},"end":{"line":123,"column":15}},{"start":{"line":123,"column":15},"end":{"line":123,"column":15}}]},"12":{"line":123,"type":"if","locations":[{"start":{"line":123,"column":56},"end":{"line":123,"column":56}},{"start":{"line":123,"column":56},"end":{"line":123,"column":56}}]},"13":{"line":132,"type":"if","locations":[{"start":{"line":132,"column":15},"end":{"line":132,"column":15}},{"start":{"line":132,"column":15},"end":{"line":132,"column":15}}]},"14":{"line":132,"type":"if","locations":[{"start":{"line":132,"column":45},"end":{"line":132,"column":45}},{"start":{"line":132,"column":45},"end":{"line":132,"column":45}}]},"15":{"line":139,"type":"if","locations":[{"start":{"line":139,"column":8},"end":{"line":139,"column":8}},{"start":{"line":139,"column":8},"end":{"line":139,"column":8}}]},"16":{"line":142,"type":"if","locations":[{"start":{"line":142,"column":8},"end":{"line":142,"column":8}},{"start":{"line":142,"column":8},"end":{"line":142,"column":8}}]}}},
"contracts/sublesson/reentrancyAttack.sol":{"l":{"9":0,"15":0,"16":0,"17":0,"18":0,"19":0,"23":0,"31":0,"35":0,"36":0,"40":0,"41":0,"46":0},"path":"/home/harsh/LearningAgainAHhhhhh/HARDHAT_CONTRACTS/NFT_MARKETPLACE/backend/contracts/sublesson/reentrancyAttack.sol","s":{"1":0,"2":0,"3":0,"4":0,"5":0,"6":0,"7":0,"8":0,"9":0,"10":0},"b":{"1":[0,0],"2":[0,0],"3":[0,0]},"f":{"1":0,"2":0,"3":0,"4":0,"5":0,"6":0,"7":0},"fnMap":{"1":{"name":"deposit","line":8,"loc":{"start":{"line":8,"column":4},"end":{"line":10,"column":4}}},"2":{"name":"withdraw","line":14,"loc":{"start":{"line":14,"column":4},"end":{"line":20,"column":4}}},"3":{"name":"getBalance","line":22,"loc":{"start":{"line":22,"column":4},"end":{"line":24,"column":4}}},"4":{"name":"constructor","line":30,"loc":{"start":{"line":30,"column":4},"end":{"line":32,"column":4}}},"5":{"name":"attack","line":34,"loc":{"start":{"line":34,"column":4},"end":{"line":37,"column":4}}},"6":{"name":null,"line":39,"loc":{"start":{"line":39,"column":4},"end":{"line":43,"column":4}}},"7":{"name":"getBalance","line":45,"loc":{"start":{"line":45,"column":4},"end":{"line":47,"column":4}}}},"statementMap":{"1":{"start":{"line":15,"column":8},"end":{"line":15,"column":42}},"2":{"start":{"line":16,"column":8},"end":{"line":16,"column":23}},"3":{"start":{"line":18,"column":8},"end":{"line":18,"column":55}},"4":{"start":{"line":19,"column":8},"end":{"line":19,"column":44}},"5":{"start":{"line":23,"column":8},"end":{"line":23,"column":36}},"6":{"start":{"line":35,"column":8},"end":{"line":35,"column":52}},"7":{"start":{"line":36,"column":8},"end":{"line":36,"column":37}},"8":{"start":{"line":40,"column":8},"end":{"line":40,"column":1029}},"9":{"start":{"line":41,"column":12},"end":{"line":41,"column":41}},"10":{"start":{"line":46,"column":8},"end":{"line":46,"column":36}}},"branchMap":{"1":{"line":16,"type":"if","locations":[{"start":{"line":16,"column":8},"end":{"line":16,"column":8}},{"start":{"line":16,"column":8},"end":{"line":16,"column":8}}]},"2":{"line":19,"type":"if","locations":[{"start":{"line":19,"column":8},"end":{"line":19,"column":8}},{"start":{"line":19,"column":8},"end":{"line":19,"column":8}}]},"3":{"line":40,"type":"if","locations":[{"start":{"line":40,"column":8},"end":{"line":40,"column":8}},{"start":{"line":40,"column":8},"end":{"line":40,"column":8}}]}}},
"contracts/test/BasicNft.sol":{"l":{"13":0,"17":0,"18":0,"22":0,"26":0},"path":"/home/harsh/LearningAgainAHhhhhh/HARDHAT_CONTRACTS/NFT_MARKETPLACE/backend/contracts/test/BasicNft.sol","s":{"1":0,"2":0,"3":0},"b":{},"f":{"1":0,"2":0,"3":0,"4":0},"fnMap":{"1":{"name":"constructor","line":12,"loc":{"start":{"line":12,"column":4},"end":{"line":14,"column":4}}},"2":{"name":"mintNft","line":16,"loc":{"start":{"line":16,"column":4},"end":{"line":19,"column":4}}},"3":{"name":"tokenURI","line":21,"loc":{"start":{"line":21,"column":4},"end":{"line":23,"column":4}}},"4":{"name":"getTokenCounter","line":25,"loc":{"start":{"line":25,"column":4},"end":{"line":27,"column":4}}}},"statementMap":{"1":{"start":{"line":17,"column":8},"end":{"line":17,"column":44}},"2":{"start":{"line":22,"column":8},"end":{"line":22,"column":24}},"3":{"start":{"line":26,"column":8},"end":{"line":26,"column":29}}},"branchMap":{}}}
