TN:
SF:/home/harsh/LearningAgainAHhhhhh/HARDHAT_CONTRACTS/NFT_MARKETPLACE/backend/contracts/NftMarketPlace.sol
FN:34,notListed
FN:46,isOwner
FN:59,isListed
FN:82,listItem
FN:103,buyItem
FN:123,cancleListing
FN:132,updateListing
FN:137,withdrawProceeds
FN:150,getlisting
FN:157,getProceeds
FNF:10
FNH:0
FNDA:0,notListed
FNDA:0,isOwner
FNDA:0,isListed
FNDA:0,listItem
FNDA:0,buyItem
FNDA:0,cancleListing
FNDA:0,updateListing
FNDA:0,withdrawProceeds
FNDA:0,getlisting
FNDA:0,getProceeds
DA:39,0
DA:40,0
DA:41,0
DA:43,0
DA:51,0
DA:52,0
DA:53,0
DA:54,0
DA:56,0
DA:60,0
DA:61,0
DA:62,0
DA:64,0
DA:83,0
DA:84,0
DA:88,0
DA:89,0
DA:90,0
DA:92,0
DA:93,0
DA:104,0
DA:105,0
DA:106,0
DA:113,0
DA:114,0
DA:115,0
DA:117,0
DA:124,0
DA:125,0
DA:133,0
DA:134,0
DA:138,0
DA:139,0
DA:140,0
DA:141,0
DA:142,0
DA:143,0
DA:154,0
DA:158,0
LF:39
LH:0
BRDA:40,1,0,0
BRDA:40,1,1,0
BRDA:53,2,0,0
BRDA:53,2,1,0
BRDA:61,3,0,0
BRDA:61,3,1,0
BRDA:82,4,0,0
BRDA:82,4,1,0
BRDA:82,5,0,0
BRDA:82,5,1,0
BRDA:83,6,0,0
BRDA:83,6,1,0
BRDA:89,7,0,0
BRDA:89,7,1,0
BRDA:103,8,0,0
BRDA:103,8,1,0
BRDA:103,9,0,0
BRDA:103,9,1,0
BRDA:105,10,0,0
BRDA:105,10,1,0
BRDA:123,11,0,0
BRDA:123,11,1,0
BRDA:123,12,0,0
BRDA:123,12,1,0
BRDA:132,13,0,0
BRDA:132,13,1,0
BRDA:132,14,0,0
BRDA:132,14,1,0
BRDA:139,15,0,0
BRDA:139,15,1,0
BRDA:142,16,0,0
BRDA:142,16,1,0
BRF:32
BRH:0
end_of_record
TN:
SF:/home/harsh/LearningAgainAHhhhhh/HARDHAT_CONTRACTS/NFT_MARKETPLACE/backend/contracts/sublesson/reentrancyAttack.sol
FN:8,deposit
FN:14,withdraw
FN:22,getBalance
FN:30,constructor
FN:34,attack
FN:39,
FN:45,getBalance
FNF:7
FNH:0
FNDA:0,deposit
FNDA:0,withdraw
FNDA:0,getBalance
FNDA:0,constructor
FNDA:0,attack
FNDA:0,
FNDA:0,getBalance
DA:9,0
DA:15,0
DA:16,0
DA:17,0
DA:18,0
DA:19,0
DA:23,0
DA:31,0
DA:35,0
DA:36,0
DA:40,0
DA:41,0
DA:46,0
LF:13
LH:0
BRDA:16,1,0,0
BRDA:16,1,1,0
BRDA:19,2,0,0
BRDA:19,2,1,0
BRDA:40,3,0,0
BRDA:40,3,1,0
BRF:6
BRH:0
end_of_record
TN:
SF:/home/harsh/LearningAgainAHhhhhh/HARDHAT_CONTRACTS/NFT_MARKETPLACE/backend/contracts/test/BasicNft.sol
FN:12,constructor
FN:16,mintNft
FN:21,tokenURI
FN:25,getTokenCounter
FNF:4
FNH:0
FNDA:0,constructor
FNDA:0,mintNft
FNDA:0,tokenURI
FNDA:0,getTokenCounter
DA:13,0
DA:17,0
DA:18,0
DA:22,0
DA:26,0
LF:5
LH:0
BRF:0
BRH:0
end_of_record
